# GNU Make 3.81
# Copyright (C) 2006  Free Software Foundation, Inc.
# This is free software; see the source for copying conditions.
# There is NO warranty; not even for MERCHANTABILITY or FITNESS FOR A
# PARTICULAR PURPOSE.

# This program built for i386-apple-darwin11.3.0

# Make data base, printed on Thu Feb 17 12:40:19 2022

# Variables

# automatic
<D = $(patsubst %/,%,$(dir $<))
# automatic
?F = $(notdir $?)
# environment
ELECTRON_NO_ATTACH_CONSOLE = 1
# environment
LC_CTYPE = UTF-8
# environment
VSCODE_LOG_NATIVE = false
# automatic
?D = $(patsubst %/,%,$(dir $?))
# environment
PLATFORMIO_IDE = 2.4.2
# environment
PLATFORMIO_CALLER = vscode
# automatic
@D = $(patsubst %/,%,$(dir $@))
# automatic
@F = $(notdir $@)
# makefile
CURDIR := /Users/mic0331/Documents/Electronics/Courses/MCU1-course/workspace/nucleo-F401RE-commander
# makefile
SHELL = /bin/sh
# environment
VSCODE_NLS_CONFIG = {"locale":"en-gb","availableLanguages":{},"_languagePackSupport":true}
# environment
_ = /usr/bin/make
# environment
MAVEN_HOME = /Users/mic0331/.sdkman/candidates/maven/current
# makefile
MAKEFILE_LIST := 
# environment
SCALA_HOME = /Users/mic0331/.sdkman/candidates/scala/current
# environment
VSCODE_VERBOSE_LOGGING = true
# environment
PERL_MM_OPT = INSTALL_BASE=/Users/mic0331/perl5
# environment
__CFBundleIdentifier = com.microsoft.VSCode
# environment
VSCODE_IPC_HOOK_EXTHOST = /var/folders/p1/vt898srd7275p4_kqtvw9yr00000gn/T/vscode-ipc-6b164c8a-0e3d-4ed6-b621-2f70730d22d9.sock
# environment
VSCODE_CWD = /Users/mic0331/Documents/Electronics/Courses/MCU1-course/workspace/nucleo-F401RE-commander
# environment
NO_PROXY = 127.0.0.1
# environment
LSCOLORS = Gxfxcxdxbxegedabagacad
# environment
SDKMAN_DIR = /Users/mic0331/.sdkman
# environment
SDKMAN_CANDIDATES_API = https://api.sdkman.io/2
# environment
SDKMAN_PLATFORM = darwinx64
# environment
VSCODE_LOG_STACK = false
# environment
ELECTRON_RUN_AS_NODE = 1
# default
.FEATURES := target-specific order-only second-expansion else-if archives jobserver check-symlink
# environment
SSH_AUTH_SOCK = /private/tmp/com.apple.launchd.e3TUXTrqvX/Listeners
# automatic
%F = $(notdir $%)
# environment
DISPLAY = /private/tmp/com.apple.launchd.wBXXSkqcQw/org.macosforge.xquartz:0
# environment
VSCODE_PIPE_LOGGING = true
# environment
PWD = /Users/mic0331/Documents/Electronics/Courses/MCU1-course/workspace/nucleo-F401RE-commander
# environment
ORIGINAL_XDG_CURRENT_DESKTOP = undefined
# environment
VSCODE_AMD_ENTRYPOINT = vs/workbench/services/extensions/node/extensionHostProcess
# environment
PYENV_SHELL = zsh
# environment
HOME = /Users/mic0331
# environment
PERL_MB_OPT = --install_base "/Users/mic0331/perl5"
# environment
PERL_LOCAL_LIB_ROOT = /Users/mic0331/perl5
# default
MAKEFILEPATH := /Applications/Xcode.app/Contents/Developer/Makefiles
# environment
VSCODE_CLI = 1
# environment
PERL5LIB = /Users/mic0331/perl5/lib/perl5
# environment
VSCODE_CODE_CACHE_PATH = /Users/mic0331/Library/Application Support/Code/CachedData/f80445acd5a3dadef24aa209168452a3d97cc326
# environment
LOGNAME = mic0331
# environment
APPLICATION_INSIGHTS_NO_DIAGNOSTIC_CHANNEL = true
# environment
NVM_CD_FLAGS = -q
# environment
ZSH = /Users/mic0331/.oh-my-zsh
# environment
VSCODE_HANDLES_UNCAUGHT_ERRORS = true
# automatic
^D = $(patsubst %/,%,$(dir $^))
# environment
PLATFORMIO_PATH = /Users/mic0331/.platformio/python3/bin:/usr/local/opt/python@3.8/bin:/Applications/gtkwave.app/Contents/Resources/bin/:/Users/mic0331/perl5/bin:/usr/local/opt/gnu-sed/libexec/gnubin:/Users/mic0331/.sdkman/candidates/spark/current//bin:/Users/mic0331/.sdkman/candidates/spark/current/bin:/Users/mic0331/.sdkman/candidates/scala/current/bin:/Users/mic0331/.sdkman/candidates/sbt/current/bin:/Users/mic0331/.sdkman/candidates/maven/current/bin:/Users/mic0331/.sdkman/candidates/java/current/bin:/usr/local/opt/python@3.8/bin:/Users/mic0331/.poetry/bin:/Users/mic0331/.local/bin:/usr/local/bin:/usr/bin:/bin:/usr/sbin:/sbin:/opt/X11/bin:/Library/Apple/usr/bin
# environment
SDKMAN_VERSION = 5.13.0
# environment
COLORTERM = truecolor
# default
MAKE = $(MAKE_COMMAND)
# environment
LC_TERMINAL = iTerm2
# environment
PATH = /usr/local/opt/python@3.8/bin:/Applications/gtkwave.app/Contents/Resources/bin/:/Users/mic0331/perl5/bin:/usr/local/opt/gnu-sed/libexec/gnubin:/Users/mic0331/.sdkman/candidates/spark/current//bin:/Users/mic0331/.sdkman/candidates/spark/current/bin:/Users/mic0331/.sdkman/candidates/scala/current/bin:/Users/mic0331/.sdkman/candidates/sbt/current/bin:/Users/mic0331/.sdkman/candidates/maven/current/bin:/Users/mic0331/.sdkman/candidates/java/current/bin:/usr/local/opt/python@3.8/bin:/Users/mic0331/.poetry/bin:/Users/mic0331/.local/bin:/usr/local/bin:/usr/bin:/bin:/usr/sbin:/sbin:/opt/X11/bin:/Library/Apple/usr/bin
# environment
SHLVL = 3
# environment
SBT_HOME = /Users/mic0331/.sdkman/candidates/sbt/current
# environment
XPC_FLAGS = 0x0
# environment
AWS_PROFILE = saml
# environment
JAVA_HOME = /Users/mic0331/.sdkman/candidates/java/current
# default
MAKE_VERSION := 3.81
# environment
USER = mic0331
# makefile
.DEFAULT_GOAL := 
# default
MAKECMDGOALS := all
# environment
TERM_SESSION_ID = w0t0p0:C159141B-4160-4C09-B53E-EBF8A46D0C4D
# environment
LESS = -R
# automatic
%D = $(patsubst %/,%,$(dir $%))
# default
MAKE_COMMAND := /Applications/Xcode.app/Contents/Developer/usr/bin/make
# environment
TERM_PROGRAM = iTerm.app
# default
.VARIABLES := 
# environment
TMPDIR = /var/folders/p1/vt898srd7275p4_kqtvw9yr00000gn/T/
# automatic
*F = $(notdir $*)
# environment
VSCODE_IPC_HOOK = /Users/mic0331/Library/Application Support/Code/1.64.2-main.sock
# environment
SPARK_HOME = /Users/mic0331/.sdkman/candidates/spark/current/
# makefile
MAKEFLAGS = Rrqp
# environment
MFLAGS = -Rrqp
# automatic
*D = $(patsubst %/,%,$(dir $*))
# environment
TERM_PROGRAM_VERSION = 3.4.12
# environment
NVM_DIR = /Users/mic0331/.nvm
# environment
XPC_SERVICE_NAME = application.com.microsoft.VSCode.92376713.92376719.ED5504DD-DED3-495F-8F23-3BD0153EDEEA
# environment
LC_TERMINAL_VERSION = 3.4.12
# automatic
+D = $(patsubst %/,%,$(dir $+))
# automatic
+F = $(notdir $+)
# environment
ITERM_SESSION_ID = w0t0p0:C159141B-4160-4C09-B53E-EBF8A46D0C4D
# environment
COLORFGBG = 12;8
# environment
__CF_USER_TEXT_ENCODING = 0x1F5:0x0:0x0
# environment
COMMAND_MODE = unix2003
# default
MAKEFILES := 
# environment
JEKYLL_GITHUB_TOKEN = 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
# automatic
<F = $(notdir $<)
# environment
ITERM_PROFILE = Dev
# environment
SDKMAN_CANDIDATES_DIR = /Users/mic0331/.sdkman/candidates
# environment
PAGER = less
# environment
LC_ALL = C
# automatic
^F = $(notdir $^)
# default
SUFFIXES := 
# default
.INCLUDE_DIRS = /usr/local/include
# environment
MAKELEVEL := 0
# environment
MAVEN_OPTS = -Xss2M
# environment
LANG = C
# environment
TERM = xterm-256color
# environment
VSCODE_PID = 8840
# environment
NVM_RC_VERSION = 
# variable set hash-table stats:
# Load=105/1024=10%, Rehash=0, Collisions=7/126=6%

# Pattern-specific Variable Values

# No pattern-specific variable values.

# Directories

# . (device 16777220, inode 93034523): 16 files, no impossibilities.

# 16 files, no impossibilities in 1 directories.

# Implicit Rules

# No implicit rules.

# Files

# Not a target:
all:
#  Command-line target.
#  Implicit rule search has been done.
#  File does not exist.
#  File has not been updated.
# variable set hash-table stats:
# Load=0/32=0%, Rehash=0, Collisions=0/0=0%

# Not a target:
.SUFFIXES:
#  Implicit rule search has not been done.
#  Modification time never checked.
#  File has not been updated.

# Not a target:
Makefile:
#  A default, MAKEFILES, or -include/sinclude makefile.
#  Implicit rule search has been done.
#  File does not exist.
#  File has been updated.
#  Failed to be updated.
# variable set hash-table stats:
# Load=0/32=0%, Rehash=0, Collisions=0/0=0%

# Not a target:
makefile:
#  A default, MAKEFILES, or -include/sinclude makefile.
#  Implicit rule search has been done.
#  File does not exist.
#  File has been updated.
#  Failed to be updated.
# variable set hash-table stats:
# Load=0/32=0%, Rehash=0, Collisions=0/0=0%

# Not a target:
.DEFAULT:
 
make: *** No rule to make target `all'.  Stop.
 
#  Implicit rule search has not been done.
#  Modification time never checked.
#  File has not been updated.

# Not a target:
GNUmakefile:
#  A default, MAKEFILES, or -include/sinclude makefile.
#  Implicit rule search has been done.
#  File does not exist.
#  File has been updated.
#  Failed to be updated.
# variable set hash-table stats:
# Load=0/32=0%, Rehash=0, Collisions=0/0=0%

# files hash-table stats:
# Load=6/1024=1%, Rehash=0, Collisions=0/17=0%
# VPATH Search Paths

# No `vpath' search paths.

# No general (`VPATH' variable) search path.

# # of strings in strcache: 0
# # of strcache buffers: 0
# strcache size: total = 0 / max = 0 / min = 4096 / avg = 0
# strcache free: total = 0 / max = 0 / min = 4096 / avg = 0

# Finished Make data base on Thu Feb 17 12:40:19 2022

 
